{
  "RSpec": {
    "coverage": {
      "/Users/josuetorresf2/Desktop/Fall 21/3300/project/project/app/controllers/projects_controller.rb": {
        "lines": [
          1,
          1,
          null,
          null,
          1,
          4,
          null,
          null,
          null,
          1,
          null,
          null,
          null,
          1,
          2,
          null,
          null,
          null,
          1,
          null,
          null,
          null,
          1,
          2,
          null,
          2,
          2,
          2,
          1,
          null,
          2,
          1,
          null,
          null,
          null,
          null,
          null,
          1,
          2,
          2,
          2,
          1,
          null,
          2,
          1,
          null,
          null,
          null,
          null,
          null,
          1,
          1,
          1,
          2,
          1,
          null,
          null,
          null,
          1,
          null,
          1,
          8,
          null,
          null,
          null,
          1,
          4,
          null,
          null
        ]
      },
      "/Users/josuetorresf2/Desktop/Fall 21/3300/project/project/app/controllers/application_controller.rb": {
        "lines": [
          1,
          null
        ]
      },
      "/Users/josuetorresf2/Desktop/Fall 21/3300/project/project/app/models/project.rb": {
        "lines": [
          1,
          1,
          1,
          null
        ]
      },
      "/Users/josuetorresf2/Desktop/Fall 21/3300/project/project/app/models/application_record.rb": {
        "lines": [
          1,
          1,
          null
        ]
      },
      "/Users/josuetorresf2/Desktop/Fall 21/3300/project/project/app/mailers/application_mailer.rb": {
        "lines": [
          0,
          0,
          0,
          0
        ],
        "branches": {
        }
      },
      "/Users/josuetorresf2/Desktop/Fall 21/3300/project/project/app/jobs/application_job.rb": {
        "lines": [
          0,
          0
        ],
        "branches": {
        }
      },
      "/Users/josuetorresf2/Desktop/Fall 21/3300/project/project/app/helpers/projects_helper.rb": {
        "lines": [
          0,
          0
        ],
        "branches": {
        }
      },
      "/Users/josuetorresf2/Desktop/Fall 21/3300/project/project/app/helpers/application_helper.rb": {
        "lines": [
          0,
          0
        ],
        "branches": {
        }
      },
      "/Users/josuetorresf2/Desktop/Fall 21/3300/project/project/app/channels/application_cable/connection.rb": {
        "lines": [
          0,
          0,
          0,
          0
        ],
        "branches": {
        }
      },
      "/Users/josuetorresf2/Desktop/Fall 21/3300/project/project/app/channels/application_cable/channel.rb": {
        "lines": [
          0,
          0,
          0,
          0
        ],
        "branches": {
        }
      }
    },
    "timestamp": 1635879157
  }
}
